<?xml version="1.0" encoding="UTF-8"?><testsuite errors="0" failures="0" name="ui.swagger.studentapp.restbyapiinfo.StoresCRUDTestWithSteps" skipped="0" tests="4" time="0.67" timestamp="2022-06-11T21:25:43.502+01:00[Europe/London]"><testcase classname="ui.swagger.studentapp.restbyapiinfo.StoresCRUDTestWithSteps" name="This will create a New Store"/><testcase classname="ui.swagger.studentapp.restbyapiinfo.StoresCRUDTestWithSteps" name="Verify if the Product was added to the application"/><testcase classname="ui.swagger.studentapp.restbyapiinfo.StoresCRUDTestWithSteps" name="Update the product information"/><testcase classname="ui.swagger.studentapp.restbyapiinfo.StoresCRUDTestWithSteps" name="Delete the product by ID"/></testsuite>