<?xml version="1.0" encoding="UTF-8"?><testsuite errors="0" failures="0" name="ui.swagger.studentapp.restbyapiinfo.ProductsCURDTestWithSteps" skipped="0" tests="4" time="10.95" timestamp="2022-06-11T21:25:29.848+01:00[Europe/London]"><testcase classname="ui.swagger.studentapp.restbyapiinfo.ProductsCURDTestWithSteps" name="This will create a New product"/><testcase classname="ui.swagger.studentapp.restbyapiinfo.ProductsCURDTestWithSteps" name="Verify if the Product was added to the application"/><testcase classname="ui.swagger.studentapp.restbyapiinfo.ProductsCURDTestWithSteps" name="Update the product information"/><testcase classname="ui.swagger.studentapp.restbyapiinfo.ProductsCURDTestWithSteps" name="Delete the product by ID"/></testsuite>