<?xml version="1.0" encoding="UTF-8"?><testsuite errors="0" failures="1" name="Testing different request on the product list in best by api application" skipped="0" tests="5" time="0.82" timestamp="2022-06-20T00:40:48.570+01:00[Europe/London]"><testcase name="Check if the product list can be accessed by users"/><testcase name="Check if user can create id in product list"/><testcase name="User verify if created id added to product list"/><testcase name="User verify if created id Update to the product list"/><testcase name="User verify if the created id is Delete from the application"><failure message="1 expectation failed.&#10;Expected status code &lt;200&gt; but was &lt;201&gt;.&#10;" type="java.lang.AssertionError">1 expectation failed.
Expected status code &lt;200&gt; but was &lt;201&gt;.
</failure><system-err>1 expectation failed.
Expected status code &lt;200&gt; but was &lt;201&gt;.
&#13;
io.restassured.internal.ResponseSpecificationImpl.validateResponseIfRequired(ResponseSpecificationImpl.groovy:636)&#13;
io.restassured.internal.ResponseSpecificationImpl.statusCode(ResponseSpecificationImpl.groovy:122)&#13;
io.restassured.internal.ResponseSpecificationImpl.statusCode(ResponseSpecificationImpl.groovy:130)&#13;
io.restassured.internal.ValidatableResponseOptionsImpl.statusCode(ValidatableResponseOptionsImpl.java:117)&#13;
ui.swagger.studentapp.cucumber.steps.ProductStepdefs.userShouldDeleteCategoryIdFromProductListSuccessfullyWithStatusCode(ProductStepdefs.java:90)&#13;
✽.Then User should delete category id from product list successfully with status code 200(productCRUDtest.feature:22)&#13;
</system-err></testcase></testsuite>