<?xml version="1.0" encoding="UTF-8"?><testsuite errors="0" failures="0" name="ui.swagger.studentapp.restbyapiinfo.ServicesCRUDTestWithStep" skipped="0" tests="4" time="0.62" timestamp="2022-06-11T21:25:42.518+01:00[Europe/London]"><testcase classname="ui.swagger.studentapp.restbyapiinfo.ServicesCRUDTestWithStep" name="This will create a New Service"/><testcase classname="ui.swagger.studentapp.restbyapiinfo.ServicesCRUDTestWithStep" name="Verify if the Product was added to the application"/><testcase classname="ui.swagger.studentapp.restbyapiinfo.ServicesCRUDTestWithStep" name="Update the product information"/><testcase classname="ui.swagger.studentapp.restbyapiinfo.ServicesCRUDTestWithStep" name="Delete the product by ID"/></testsuite>