<?xml version="1.0" encoding="UTF-8"?><testsuite errors="0" failures="3" name="Testing different request on the services list in best by api application" skipped="0" tests="5" time="4.77" timestamp="2022-06-20T00:40:38.944+01:00[Europe/London]"><testcase name="Check if the services list can be accessed by users"/><testcase name="Check if user can create id in services list"/><testcase name="User verify if created id added to services list"><failure message="1 expectation failed.&#10;Expected status code &lt;200&gt; but was &lt;201&gt;.&#10;" type="java.lang.AssertionError">1 expectation failed.
Expected status code &lt;200&gt; but was &lt;201&gt;.
</failure><system-err>1 expectation failed.
Expected status code &lt;200&gt; but was &lt;201&gt;.
&#13;
io.restassured.internal.ResponseSpecificationImpl.validateResponseIfRequired(ResponseSpecificationImpl.groovy:636)&#13;
io.restassured.internal.ResponseSpecificationImpl.statusCode(ResponseSpecificationImpl.groovy:122)&#13;
io.restassured.internal.ResponseSpecificationImpl.statusCode(ResponseSpecificationImpl.groovy:130)&#13;
io.restassured.internal.ValidatableResponseOptionsImpl.statusCode(ValidatableResponseOptionsImpl.java:117)&#13;
ui.swagger.studentapp.cucumber.steps.ServicesStepdefs.userSuccessfullyAddedIdInServicesListAndStatusCodeIs(ServicesStepdefs.java:56)&#13;
✽.Then User successfully added id in services list and status code is 200(ServicesCRUDtest.feature:14)&#13;
</system-err></testcase><testcase name="User verify if created id Update to the services list"><failure message="1 expectation failed.&#10;Expected status code &lt;200&gt; but was &lt;201&gt;.&#10;" type="java.lang.AssertionError">1 expectation failed.
Expected status code &lt;200&gt; but was &lt;201&gt;.
</failure><system-err>1 expectation failed.
Expected status code &lt;200&gt; but was &lt;201&gt;.
&#13;
io.restassured.internal.ResponseSpecificationImpl.validateResponseIfRequired(ResponseSpecificationImpl.groovy:636)&#13;
io.restassured.internal.ResponseSpecificationImpl.statusCode(ResponseSpecificationImpl.groovy:122)&#13;
io.restassured.internal.ResponseSpecificationImpl.statusCode(ResponseSpecificationImpl.groovy:130)&#13;
io.restassured.internal.ValidatableResponseOptionsImpl.statusCode(ValidatableResponseOptionsImpl.java:117)&#13;
ui.swagger.studentapp.cucumber.steps.ServicesStepdefs.userShouldUpdateSingleDataInServicesListSuccessfullyWithStatusCode(ServicesStepdefs.java:71)&#13;
✽.Then User should update single data in services list successfully with status code 200(ServicesCRUDtest.feature:18)&#13;
</system-err></testcase><testcase name="User verify if the created id is Delete from the services list"><failure message="1 expectation failed.&#10;Expected status code &lt;200&gt; but was &lt;201&gt;.&#10;" type="java.lang.AssertionError">1 expectation failed.
Expected status code &lt;200&gt; but was &lt;201&gt;.
</failure><system-err>1 expectation failed.
Expected status code &lt;200&gt; but was &lt;201&gt;.
&#13;
io.restassured.internal.ResponseSpecificationImpl.validateResponseIfRequired(ResponseSpecificationImpl.groovy:636)&#13;
io.restassured.internal.ResponseSpecificationImpl.statusCode(ResponseSpecificationImpl.groovy:122)&#13;
io.restassured.internal.ResponseSpecificationImpl.statusCode(ResponseSpecificationImpl.groovy:130)&#13;
io.restassured.internal.ValidatableResponseOptionsImpl.statusCode(ValidatableResponseOptionsImpl.java:117)&#13;
ui.swagger.studentapp.cucumber.steps.ServicesStepdefs.userShouldDeleteServicesIdFromServicesListSuccessfullyWithStatusCode(ServicesStepdefs.java:82)&#13;
✽.Then User should delete services id from services list successfully with status code 200(ServicesCRUDtest.feature:22)&#13;
</system-err></testcase></testsuite>