<?xml version="1.0" encoding="UTF-8"?><testsuite errors="0" failures="0" name="Testing different request on the best by api application" skipped="0" tests="4" time="4.74" timestamp="2022-06-19T23:01:17.209+01:00[Europe/London]"><testcase name="Check if the best by api application can be accessed by users"/><testcase name="Check if the best by api application can be create users ids"/><testcase name="User verify if the Category was added to the application"/><testcase name="User verify if the Category Update to the application"/></testsuite>